F:\THIRD YEAR UNI WORK\DIRECTX\COURSEWORK\COURSEWORK\COURSEWORK\DEBUG\APPLICATIONCLASS.OBJ
F:\THIRD YEAR UNI WORK\DIRECTX\COURSEWORK\COURSEWORK\COURSEWORK\DEBUG\CAMERACLASS.OBJ
F:\Third Year Uni Work\DirectX\Coursework\Coursework\Coursework\Debug\cl.command.1.tlog
F:\Third Year Uni Work\DirectX\Coursework\Coursework\Coursework\Debug\CL.read.1.tlog
F:\Third Year Uni Work\DirectX\Coursework\Coursework\Coursework\Debug\CL.write.1.tlog
F:\THIRD YEAR UNI WORK\DIRECTX\COURSEWORK\COURSEWORK\COURSEWORK\DEBUG\COURSEWORK.EXE
F:\THIRD YEAR UNI WORK\DIRECTX\COURSEWORK\COURSEWORK\COURSEWORK\DEBUG\COURSEWORK.EXE.EMBED.MANIFEST
F:\THIRD YEAR UNI WORK\DIRECTX\COURSEWORK\COURSEWORK\COURSEWORK\DEBUG\COURSEWORK.EXE.EMBED.MANIFEST.RES
F:\THIRD YEAR UNI WORK\DIRECTX\COURSEWORK\COURSEWORK\COURSEWORK\DEBUG\COURSEWORK.EXE.INTERMEDIATE.MANIFEST
F:\THIRD YEAR UNI WORK\DIRECTX\COURSEWORK\COURSEWORK\COURSEWORK\DEBUG\COURSEWORK.ILK
F:\THIRD YEAR UNI WORK\DIRECTX\COURSEWORK\COURSEWORK\COURSEWORK\DEBUG\COURSEWORK.PDB
F:\Third Year Uni Work\DirectX\Coursework\Coursework\Coursework\Debug\Coursework.vcxprojResolveAssemblyReference.cache
F:\Third Year Uni Work\DirectX\Coursework\Coursework\Coursework\Debug\Coursework.write.1.tlog
F:\Third Year Uni Work\DirectX\Coursework\Coursework\Coursework\Debug\Coursework_manifest.rc
F:\THIRD YEAR UNI WORK\DIRECTX\COURSEWORK\COURSEWORK\COURSEWORK\DEBUG\CPUCLASS.OBJ
F:\THIRD YEAR UNI WORK\DIRECTX\COURSEWORK\COURSEWORK\COURSEWORK\DEBUG\D3DCLASS.OBJ
F:\THIRD YEAR UNI WORK\DIRECTX\COURSEWORK\COURSEWORK\COURSEWORK\DEBUG\FONTCLASS.OBJ
F:\THIRD YEAR UNI WORK\DIRECTX\COURSEWORK\COURSEWORK\COURSEWORK\DEBUG\FONTSHADERCLASS.OBJ
F:\THIRD YEAR UNI WORK\DIRECTX\COURSEWORK\COURSEWORK\COURSEWORK\DEBUG\FPSCLASS.OBJ
F:\THIRD YEAR UNI WORK\DIRECTX\COURSEWORK\COURSEWORK\COURSEWORK\DEBUG\FRAGMENTATIONSHADERCLASS.OBJ
F:\THIRD YEAR UNI WORK\DIRECTX\COURSEWORK\COURSEWORK\COURSEWORK\DEBUG\HORIZONTALBLURSHADERCLASS.OBJ
F:\THIRD YEAR UNI WORK\DIRECTX\COURSEWORK\COURSEWORK\COURSEWORK\DEBUG\INPUTCLASS.OBJ
F:\THIRD YEAR UNI WORK\DIRECTX\COURSEWORK\COURSEWORK\COURSEWORK\DEBUG\LIGHTCLASS.OBJ
F:\Third Year Uni Work\DirectX\Coursework\Coursework\Coursework\Debug\link.6884.read.1.tlog
F:\Third Year Uni Work\DirectX\Coursework\Coursework\Coursework\Debug\link.6884.write.1.tlog
F:\Third Year Uni Work\DirectX\Coursework\Coursework\Coursework\Debug\link.6884-cvtres.read.1.tlog
F:\Third Year Uni Work\DirectX\Coursework\Coursework\Coursework\Debug\link.6884-cvtres.write.1.tlog
F:\Third Year Uni Work\DirectX\Coursework\Coursework\Coursework\Debug\link.command.1.tlog
F:\Third Year Uni Work\DirectX\Coursework\Coursework\Coursework\Debug\link.read.1.tlog
F:\Third Year Uni Work\DirectX\Coursework\Coursework\Coursework\Debug\link.write.1.tlog
F:\Third Year Uni Work\DirectX\Coursework\Coursework\Coursework\Debug\link-cvtres.read.1.tlog
F:\Third Year Uni Work\DirectX\Coursework\Coursework\Coursework\Debug\link-cvtres.write.1.tlog
F:\THIRD YEAR UNI WORK\DIRECTX\COURSEWORK\COURSEWORK\COURSEWORK\DEBUG\MAIN.OBJ
F:\THIRD YEAR UNI WORK\DIRECTX\COURSEWORK\COURSEWORK\COURSEWORK\DEBUG\MESHCLASS.OBJ
F:\Third Year Uni Work\DirectX\Coursework\Coursework\Coursework\Debug\mt.command.1.tlog
F:\Third Year Uni Work\DirectX\Coursework\Coursework\Coursework\Debug\mt.read.1.tlog
F:\Third Year Uni Work\DirectX\Coursework\Coursework\Coursework\Debug\mt.write.1.tlog
F:\THIRD YEAR UNI WORK\DIRECTX\COURSEWORK\COURSEWORK\COURSEWORK\DEBUG\POSITIONCLASS.OBJ
F:\Third Year Uni Work\DirectX\Coursework\Coursework\Coursework\Debug\rc.command.1.tlog
F:\Third Year Uni Work\DirectX\Coursework\Coursework\Coursework\Debug\rc.read.1.tlog
F:\Third Year Uni Work\DirectX\Coursework\Coursework\Coursework\Debug\rc.write.1.tlog
F:\THIRD YEAR UNI WORK\DIRECTX\COURSEWORK\COURSEWORK\COURSEWORK\DEBUG\RENDERTEXTURECLASS.OBJ
F:\THIRD YEAR UNI WORK\DIRECTX\COURSEWORK\COURSEWORK\COURSEWORK\DEBUG\SYSTEMCLASS.OBJ
F:\THIRD YEAR UNI WORK\DIRECTX\COURSEWORK\COURSEWORK\COURSEWORK\DEBUG\TARGETWINDOWCLASS.OBJ
F:\THIRD YEAR UNI WORK\DIRECTX\COURSEWORK\COURSEWORK\COURSEWORK\DEBUG\TERRAINCLASS.OBJ
F:\THIRD YEAR UNI WORK\DIRECTX\COURSEWORK\COURSEWORK\COURSEWORK\DEBUG\TESSELLATIONMESH.OBJ
F:\THIRD YEAR UNI WORK\DIRECTX\COURSEWORK\COURSEWORK\COURSEWORK\DEBUG\TESSELLATIONSHADERCLASS.OBJ
F:\THIRD YEAR UNI WORK\DIRECTX\COURSEWORK\COURSEWORK\COURSEWORK\DEBUG\TEXTCLASS.OBJ
F:\THIRD YEAR UNI WORK\DIRECTX\COURSEWORK\COURSEWORK\COURSEWORK\DEBUG\TEXTURECLASS.OBJ
F:\THIRD YEAR UNI WORK\DIRECTX\COURSEWORK\COURSEWORK\COURSEWORK\DEBUG\TIMERCLASS.OBJ
F:\Third Year Uni Work\DirectX\Coursework\Coursework\Coursework\Debug\vc100.idb
F:\THIRD YEAR UNI WORK\DIRECTX\COURSEWORK\COURSEWORK\COURSEWORK\DEBUG\VC100.PDB
F:\THIRD YEAR UNI WORK\DIRECTX\COURSEWORK\COURSEWORK\COURSEWORK\DEBUG\VERTICALBLURSHADERCLASS.OBJ
