Build started 18/11/2014 22:22:14.
     1>Project "F:\Third Year Uni Work\DirectX\Coursework\Coursework\Coursework\Coursework.vcxproj" on node 2 (build target(s)).
     1>InitializeBuildStatus:
         Touching "Debug\Coursework.unsuccessfulbuild".
       ClCompile:
         c:\Program Files (x86)\Microsoft Visual Studio 10.0\VC\bin\CL.exe /c /I"C:\Program Files (x86)\Microsoft DirectX SDK (June 2010)\\Include" /ZI /nologo /W3 /WX- /Od /Oy- /D WIN32 /D _DEBUG /D _WINDOWS /D _UNICODE /D UNICODE /Gm /EHsc /RTC1 /MDd /GS /fp:precise /Zc:wchar_t /Zc:forScope /Fo"Debug\\" /Fd"Debug\vc100.pdb" /Gd /TP /analyze- /errorReport:prompt applicationclass.cpp cameraclass.cpp cpuclass.cpp d3dclass.cpp fontclass.cpp fontshaderclass.cpp fpsclass.cpp fragmentationshaderclass.cpp horizontalblurshaderclass.cpp inputclass.cpp lightclass.cpp main.cpp meshclass.cpp positionclass.cpp rendertextureclass.cpp systemclass.cpp targetwindowclass.cpp terrainclass.cpp tessellationMesh.cpp tessellationshaderclass.cpp textclass.cpp textureclass.cpp timerclass.cpp verticalblurshaderclass.cpp
         verticalblurshaderclass.cpp
         timerclass.cpp
         textureclass.cpp
         textclass.cpp
         tessellationshaderclass.cpp
         tessellationMesh.cpp
         terrainclass.cpp
         targetwindowclass.cpp
         systemclass.cpp
         rendertextureclass.cpp
         positionclass.cpp
         meshclass.cpp
     1>f:\third year uni work\directx\coursework\coursework\coursework\meshclass.cpp(77): warning C4101: 'normals' : unreferenced local variable
         main.cpp
         lightclass.cpp
         inputclass.cpp
         horizontalblurshaderclass.cpp
         fragmentationshaderclass.cpp
         fpsclass.cpp
         fontshaderclass.cpp
         fontclass.cpp
         Generating Code...
     1>f:\third year uni work\directx\coursework\coursework\coursework\fragmentationshaderclass.cpp(216): warning C4715: 'FragmentationShaderClass::InitializeShader' : not all control paths return a value
         Compiling...
         d3dclass.cpp
         cpuclass.cpp
         cameraclass.cpp
         applicationclass.cpp
     1>f:\third year uni work\directx\coursework\coursework\coursework\applicationclass.cpp(54): warning C4101: 'cameraZ' : unreferenced local variable
     1>f:\third year uni work\directx\coursework\coursework\coursework\applicationclass.cpp(54): warning C4101: 'cameraY' : unreferenced local variable
     1>f:\third year uni work\directx\coursework\coursework\coursework\applicationclass.cpp(54): warning C4101: 'cameraX' : unreferenced local variable
     1>f:\third year uni work\directx\coursework\coursework\coursework\applicationclass.cpp(533): warning C4101: 'result' : unreferenced local variable
     1>f:\third year uni work\directx\coursework\coursework\coursework\applicationclass.cpp(693): error C2664: 'CameraClass::GetViewMatrix' : cannot convert parameter 1 from 'D3DMATRIX *' to 'D3DXMATRIX &'
     1>f:\third year uni work\directx\coursework\coursework\coursework\applicationclass.cpp(694): error C2664: 'D3DClass::GetWorldMatrix' : cannot convert parameter 1 from 'D3DMATRIX *' to 'D3DXMATRIX &'
     1>f:\third year uni work\directx\coursework\coursework\coursework\applicationclass.cpp(695): error C2664: 'D3DClass::GetProjectionMatrix' : cannot convert parameter 1 from 'D3DMATRIX *' to 'D3DXMATRIX &'
     1>f:\third year uni work\directx\coursework\coursework\coursework\applicationclass.cpp(699): error C2664: 'D3DXMatrixTranslation' : cannot convert parameter 1 from 'D3DMATRIX *' to 'D3DXMATRIX *'
                 Types pointed to are unrelated; conversion requires reinterpret_cast, C-style cast or function-style cast
     1>f:\third year uni work\directx\coursework\coursework\coursework\applicationclass.cpp(703): warning C4244: 'argument' : conversion from 'int' to 'float', possible loss of data
     1>f:\third year uni work\directx\coursework\coursework\coursework\applicationclass.cpp(710): error C2664: 'D3DXMatrixTranslation' : cannot convert parameter 1 from 'D3DMATRIX *' to 'D3DXMATRIX *'
                 Types pointed to are unrelated; conversion requires reinterpret_cast, C-style cast or function-style cast
     1>f:\third year uni work\directx\coursework\coursework\coursework\applicationclass.cpp(715): warning C4244: 'argument' : conversion from 'int' to 'float', possible loss of data
     1>f:\third year uni work\directx\coursework\coursework\coursework\applicationclass.cpp(750): warning C4244: 'argument' : conversion from 'int' to 'float', possible loss of data
     1>f:\third year uni work\directx\coursework\coursework\coursework\applicationclass.cpp(799): warning C4244: 'argument' : conversion from 'int' to 'float', possible loss of data
     1>f:\third year uni work\directx\coursework\coursework\coursework\applicationclass.cpp(942): warning C4244: 'argument' : conversion from 'int' to 'float', possible loss of data
         Generating Code...
     1>Done Building Project "F:\Third Year Uni Work\DirectX\Coursework\Coursework\Coursework\Coursework.vcxproj" (build target(s)) -- FAILED.

Build FAILED.

Time Elapsed 00:00:38.10
